<?xml version="1.0" encoding="UTF-8"?>
<testng-results ignored="0" total="4" passed="3" failed="1" skipped="0">
  <reporter-output>
  </reporter-output>
  <suite started-at="2024-10-18T11:03:50 CDT" name="Suite" finished-at="2024-10-18T11:04:21 CDT" duration-ms="31455">
    <groups>
    </groups>
    <test started-at="2024-10-18T11:03:50 CDT" name="SalesForceLoginTest" finished-at="2024-10-18T11:04:21 CDT" duration-ms="31455">
      <class name="com.automation.tests.LoginTests">
        <test-method is-config="true" signature="setUpBeforeMethod(java.lang.String)[pri:0, instance:com.automation.tests.LoginTests@59f63e24]" started-at="2024-10-18T11:03:50 CDT" name="setUpBeforeMethod" finished-at="2024-10-18T11:04:06 CDT" duration-ms="16355" status="PASS">
          <params>
            <param index="0">
              <value>
                <![CDATA[chrome]]>
              </value>
            </param>
          </params>
          <reporter-output>
          </reporter-output>
        </test-method> <!-- setUpBeforeMethod -->
        <test-method signature="TC1SalesforceLogin_BlankPwd()[pri:0, instance:com.automation.tests.LoginTests@59f63e24]" started-at="2024-10-18T11:04:06 CDT" name="TC1SalesforceLogin_BlankPwd" finished-at="2024-10-18T11:04:08 CDT" duration-ms="1602" status="PASS">
          <reporter-output>
          </reporter-output>
        </test-method> <!-- TC1SalesforceLogin_BlankPwd -->
        <test-method is-config="true" signature="tearDownAfterMethod()[pri:0, instance:com.automation.tests.LoginTests@59f63e24]" started-at="2024-10-18T11:04:08 CDT" name="tearDownAfterMethod" finished-at="2024-10-18T11:04:08 CDT" duration-ms="234" status="PASS">
          <reporter-output>
          </reporter-output>
        </test-method> <!-- tearDownAfterMethod -->
        <test-method is-config="true" signature="setUpBeforeMethod(java.lang.String)[pri:0, instance:com.automation.tests.LoginTests@59f63e24]" started-at="2024-10-18T11:04:08 CDT" name="setUpBeforeMethod" finished-at="2024-10-18T11:04:10 CDT" duration-ms="1502" status="PASS">
          <params>
            <param index="0">
              <value>
                <![CDATA[chrome]]>
              </value>
            </param>
          </params>
          <reporter-output>
          </reporter-output>
        </test-method> <!-- setUpBeforeMethod -->
        <test-method signature="TC2SalesforceLoginValid()[pri:0, instance:com.automation.tests.LoginTests@59f63e24]" started-at="2024-10-18T11:04:10 CDT" name="TC2SalesforceLoginValid" finished-at="2024-10-18T11:04:14 CDT" duration-ms="4002" status="PASS">
          <reporter-output>
          </reporter-output>
        </test-method> <!-- TC2SalesforceLoginValid -->
        <test-method is-config="true" signature="tearDownAfterMethod()[pri:0, instance:com.automation.tests.LoginTests@59f63e24]" started-at="2024-10-18T11:04:14 CDT" name="tearDownAfterMethod" finished-at="2024-10-18T11:04:14 CDT" duration-ms="201" status="PASS">
          <reporter-output>
          </reporter-output>
        </test-method> <!-- tearDownAfterMethod -->
        <test-method is-config="true" signature="setUpBeforeMethod(java.lang.String)[pri:0, instance:com.automation.tests.LoginTests@59f63e24]" started-at="2024-10-18T11:04:14 CDT" name="setUpBeforeMethod" finished-at="2024-10-18T11:04:16 CDT" duration-ms="1706" status="PASS">
          <params>
            <param index="0">
              <value>
                <![CDATA[chrome]]>
              </value>
            </param>
          </params>
          <reporter-output>
          </reporter-output>
        </test-method> <!-- setUpBeforeMethod -->
        <test-method signature="TC4A_ForgotPassword()[pri:0, instance:com.automation.tests.LoginTests@59f63e24]" started-at="2024-10-18T11:04:16 CDT" name="TC4A_ForgotPassword" finished-at="2024-10-18T11:04:17 CDT" duration-ms="1509" status="FAIL">
          <exception class="java.lang.AssertionError">
            <message>
              <![CDATA[expected [Weâ€™ve sent you an email with a link to finish resetting your password.] but found [We’ve sent you an email with a link to finish resetting your password.]]]>
            </message>
            <full-stacktrace>
              <![CDATA[java.lang.AssertionError: expected [Weâ€™ve sent you an email with a link to finish resetting your password.] but found [We’ve sent you an email with a link to finish resetting your password.]
at org.testng.Assert.fail(Assert.java:111)
at org.testng.Assert.failNotEquals(Assert.java:1578)
at org.testng.Assert.assertEqualsImpl(Assert.java:150)
at org.testng.Assert.assertEquals(Assert.java:132)
at org.testng.Assert.assertEquals(Assert.java:656)
at org.testng.Assert.assertEquals(Assert.java:666)
at com.automation.tests.LoginTests.TC4A_ForgotPassword(LoginTests.java:123)
at java.base/jdk.internal.reflect.NativeMethodAccessorImpl.invoke0(Native Method)
at java.base/jdk.internal.reflect.NativeMethodAccessorImpl.invoke(NativeMethodAccessorImpl.java:77)
at java.base/jdk.internal.reflect.DelegatingMethodAccessorImpl.invoke(DelegatingMethodAccessorImpl.java:43)
at java.base/java.lang.reflect.Method.invoke(Method.java:568)
at org.testng.internal.invokers.MethodInvocationHelper.invokeMethod(MethodInvocationHelper.java:141)
at org.testng.internal.invokers.TestInvoker.invokeMethod(TestInvoker.java:686)
at org.testng.internal.invokers.TestInvoker.invokeTestMethod(TestInvoker.java:230)
at org.testng.internal.invokers.MethodRunner.runInSequence(MethodRunner.java:63)
at org.testng.internal.invokers.TestInvoker$MethodInvocationAgent.invoke(TestInvoker.java:992)
at org.testng.internal.invokers.TestInvoker.invokeTestMethods(TestInvoker.java:203)
at org.testng.internal.invokers.TestMethodWorker.invokeTestMethods(TestMethodWorker.java:154)
at org.testng.internal.invokers.TestMethodWorker.run(TestMethodWorker.java:134)
at java.base/java.util.ArrayList.forEach(ArrayList.java:1511)
at org.testng.TestRunner.privateRun(TestRunner.java:739)
at org.testng.TestRunner.run(TestRunner.java:614)
at org.testng.SuiteRunner.runTest(SuiteRunner.java:421)
at org.testng.SuiteRunner.runSequentially(SuiteRunner.java:413)
at org.testng.SuiteRunner.privateRun(SuiteRunner.java:373)
at org.testng.SuiteRunner.run(SuiteRunner.java:312)
at org.testng.SuiteRunnerWorker.runSuite(SuiteRunnerWorker.java:52)
at org.testng.SuiteRunnerWorker.run(SuiteRunnerWorker.java:95)
at org.testng.TestNG.runSuitesSequentially(TestNG.java:1274)
at org.testng.TestNG.runSuitesLocally(TestNG.java:1208)
at org.testng.TestNG.runSuites(TestNG.java:1112)
at org.testng.TestNG.run(TestNG.java:1079)
at org.apache.maven.surefire.testng.TestNGExecutor.run(TestNGExecutor.java:308)
at org.apache.maven.surefire.testng.TestNGXmlTestSuite.execute(TestNGXmlTestSuite.java:71)
at org.apache.maven.surefire.testng.TestNGProvider.invoke(TestNGProvider.java:113)
at org.apache.maven.surefire.booter.ForkedBooter.runSuitesInProcess(ForkedBooter.java:385)
at org.apache.maven.surefire.booter.ForkedBooter.execute(ForkedBooter.java:162)
at org.apache.maven.surefire.booter.ForkedBooter.run(ForkedBooter.java:507)
at org.apache.maven.surefire.booter.ForkedBooter.main(ForkedBooter.java:495)
]]>
            </full-stacktrace>
          </exception> <!-- java.lang.AssertionError -->
          <reporter-output>
          </reporter-output>
        </test-method> <!-- TC4A_ForgotPassword -->
        <test-method is-config="true" signature="tearDownAfterMethod()[pri:0, instance:com.automation.tests.LoginTests@59f63e24]" started-at="2024-10-18T11:04:17 CDT" name="tearDownAfterMethod" finished-at="2024-10-18T11:04:17 CDT" duration-ms="159" status="PASS">
          <reporter-output>
          </reporter-output>
        </test-method> <!-- tearDownAfterMethod -->
        <test-method is-config="true" signature="setUpBeforeMethod(java.lang.String)[pri:0, instance:com.automation.tests.LoginTests@59f63e24]" started-at="2024-10-18T11:04:17 CDT" name="setUpBeforeMethod" finished-at="2024-10-18T11:04:19 CDT" duration-ms="1673" status="PASS">
          <params>
            <param index="0">
              <value>
                <![CDATA[chrome]]>
              </value>
            </param>
          </params>
          <reporter-output>
          </reporter-output>
        </test-method> <!-- setUpBeforeMethod -->
        <test-method signature="TC4B_ValidateLoginErrorMsg()[pri:0, instance:com.automation.tests.LoginTests@59f63e24]" started-at="2024-10-18T11:04:19 CDT" name="TC4B_ValidateLoginErrorMsg" finished-at="2024-10-18T11:04:21 CDT" duration-ms="1994" status="PASS">
          <reporter-output>
          </reporter-output>
        </test-method> <!-- TC4B_ValidateLoginErrorMsg -->
        <test-method is-config="true" signature="tearDownAfterMethod()[pri:0, instance:com.automation.tests.LoginTests@59f63e24]" started-at="2024-10-18T11:04:21 CDT" name="tearDownAfterMethod" finished-at="2024-10-18T11:04:21 CDT" duration-ms="185" status="PASS">
          <reporter-output>
          </reporter-output>
        </test-method> <!-- tearDownAfterMethod -->
      </class> <!-- com.automation.tests.LoginTests -->
    </test> <!-- SalesForceLoginTest -->
  </suite> <!-- Suite -->
</testng-results>
